<testsuites id="" name="" tests="80" failures="29" skipped="0" errors="0" time="93.842394">
<testsuite name="visual-regression.spec.ts" timestamp="2025-12-16T23:55:05.755Z" hostname="chromium" tests="16" failures="6" skipped="0" time="141.805" errors="0">
<testcase name="Landing Page Visual Regression › homepage should match snapshot" classname="visual-regression.spec.ts" time="11.77">
<failure message="visual-regression.spec.ts:26:3 homepage should match snapshot" type="FAILURE">
<![CDATA[  [chromium] › visual-regression.spec.ts:26:3 › Landing Page Visual Regression › homepage should match snapshot 

    Error: expect(page).toHaveScreenshot(expected) failed

    Timeout: 5000ms
      Failed to take two consecutive stable screenshots.

      Snapshot: homepage.png

    Call log:
      - Expect "toHaveScreenshot(homepage.png)" with timeout 5000ms
        - generating new stable screenshot expectation
      - taking page screenshot
        - disabled all CSS animations
      - waiting for fonts to load...
      - fonts loaded
      - waiting 100ms before taking screenshot
      - taking page screenshot
        - disabled all CSS animations
      - waiting for fonts to load...
      - fonts loaded
      - 6 pixels (ratio 0.01 of all image pixels) are different.
      - waiting 250ms before taking screenshot
      - taking page screenshot
        - disabled all CSS animations
      - waiting for fonts to load...
      - fonts loaded
      - 60 pixels (ratio 0.01 of all image pixels) are different.
      - waiting 500ms before taking screenshot
      - Timeout 5000ms exceeded.


      32 |     await page.waitForTimeout(500);
      33 |     
    > 34 |     await expect(page).toHaveScreenshot('homepage.png', {
         |                        ^
      35 |       fullPage: true,
      36 |       animations: 'disabled',
      37 |       threshold: 0.1,
        at C:\Users\Stu\Documents\datacendia-components\datacendia-components\e2e\visual-regression.spec.ts:34:24

    attachment #1: homepage (image/png) ────────────────────────────────────────────────────────────
    Received: ..\test-results\visual-regression-Landing--e8a4b-epage-should-match-snapshot-chromium\homepage-actual.png
    Previous: ..\test-results\visual-regression-Landing--e8a4b-epage-should-match-snapshot-chromium\homepage-previous.png
    Diff:     ..\test-results\visual-regression-Landing--e8a4b-epage-should-match-snapshot-chromium\homepage-diff.png
    ────────────────────────────────────────────────────────────────────────────────────────────────

    attachment #2: screenshot (image/png) ──────────────────────────────────────────────────────────
    ..\test-results\visual-regression-Landing--e8a4b-epage-should-match-snapshot-chromium\test-failed-1.png
    ────────────────────────────────────────────────────────────────────────────────────────────────

    attachment #3: video (video/webm) ──────────────────────────────────────────────────────────────
    ..\test-results\visual-regression-Landing--e8a4b-epage-should-match-snapshot-chromium\video.webm
    ────────────────────────────────────────────────────────────────────────────────────────────────

    Error Context: ..\test-results\visual-regression-Landing--e8a4b-epage-should-match-snapshot-chromium\error-context.md
]]>
</failure>
<system-out>
<![CDATA[
[[ATTACHMENT|..\test-results\visual-regression-Landing--e8a4b-epage-should-match-snapshot-chromium\homepage-previous.png]]

[[ATTACHMENT|..\test-results\visual-regression-Landing--e8a4b-epage-should-match-snapshot-chromium\homepage-actual.png]]

[[ATTACHMENT|..\test-results\visual-regression-Landing--e8a4b-epage-should-match-snapshot-chromium\homepage-diff.png]]

[[ATTACHMENT|..\test-results\visual-regression-Landing--e8a4b-epage-should-match-snapshot-chromium\test-failed-1.png]]

[[ATTACHMENT|..\test-results\visual-regression-Landing--e8a4b-epage-should-match-snapshot-chromium\video.webm]]

[[ATTACHMENT|..\test-results\visual-regression-Landing--e8a4b-epage-should-match-snapshot-chromium\error-context.md]]
]]>
</system-out>
</testcase>
<testcase name="Landing Page Visual Regression › homepage mobile should match snapshot" classname="visual-regression.spec.ts" time="11.023">
<failure message="visual-regression.spec.ts:41:3 homepage mobile should match snapshot" type="FAILURE">
<![CDATA[  [chromium] › visual-regression.spec.ts:41:3 › Landing Page Visual Regression › homepage mobile should match snapshot 

    Error: expect(page).toHaveScreenshot(expected) failed

    Timeout: 5000ms
      Failed to take two consecutive stable screenshots.

      Snapshot: homepage-mobile.png

    Call log:
      - Expect "toHaveScreenshot(homepage-mobile.png)" with timeout 5000ms
        - generating new stable screenshot expectation
      - taking page screenshot
        - disabled all CSS animations
      - waiting for fonts to load...
      - fonts loaded
      - waiting 100ms before taking screenshot
      - taking page screenshot
        - disabled all CSS animations
      - waiting for fonts to load...
      - fonts loaded
      - 43 pixels (ratio 0.01 of all image pixels) are different.
      - waiting 250ms before taking screenshot
      - taking page screenshot
        - disabled all CSS animations
      - waiting for fonts to load...
      - fonts loaded
      - 91 pixels (ratio 0.01 of all image pixels) are different.
      - waiting 500ms before taking screenshot
      - taking page screenshot
        - disabled all CSS animations
      - waiting for fonts to load...
      - fonts loaded
      - 91 pixels (ratio 0.01 of all image pixels) are different.
      - waiting 1000ms before taking screenshot
      - taking page screenshot
        - disabled all CSS animations
      - waiting for fonts to load...
      - fonts loaded
      - 76 pixels (ratio 0.01 of all image pixels) are different.
      - waiting 1000ms before taking screenshot
      - Timeout 5000ms exceeded.


      45 |     await page.waitForTimeout(500);
      46 |     
    > 47 |     await expect(page).toHaveScreenshot('homepage-mobile.png', {
         |                        ^
      48 |       fullPage: true,
      49 |       animations: 'disabled',
      50 |       threshold: 0.1,
        at C:\Users\Stu\Documents\datacendia-components\datacendia-components\e2e\visual-regression.spec.ts:47:24

    attachment #1: homepage-mobile (image/png) ─────────────────────────────────────────────────────
    Received: ..\test-results\visual-regression-Landing--c4d27-obile-should-match-snapshot-chromium\homepage-mobile-actual.png
    Previous: ..\test-results\visual-regression-Landing--c4d27-obile-should-match-snapshot-chromium\homepage-mobile-previous.png
    Diff:     ..\test-results\visual-regression-Landing--c4d27-obile-should-match-snapshot-chromium\homepage-mobile-diff.png
    ────────────────────────────────────────────────────────────────────────────────────────────────

    attachment #2: screenshot (image/png) ──────────────────────────────────────────────────────────
    ..\test-results\visual-regression-Landing--c4d27-obile-should-match-snapshot-chromium\test-failed-1.png
    ────────────────────────────────────────────────────────────────────────────────────────────────

    attachment #3: video (video/webm) ──────────────────────────────────────────────────────────────
    ..\test-results\visual-regression-Landing--c4d27-obile-should-match-snapshot-chromium\video.webm
    ────────────────────────────────────────────────────────────────────────────────────────────────

    Error Context: ..\test-results\visual-regression-Landing--c4d27-obile-should-match-snapshot-chromium\error-context.md
]]>
</failure>
<system-out>
<![CDATA[
[[ATTACHMENT|..\test-results\visual-regression-Landing--c4d27-obile-should-match-snapshot-chromium\homepage-mobile-previous.png]]

[[ATTACHMENT|..\test-results\visual-regression-Landing--c4d27-obile-should-match-snapshot-chromium\homepage-mobile-actual.png]]

[[ATTACHMENT|..\test-results\visual-regression-Landing--c4d27-obile-should-match-snapshot-chromium\homepage-mobile-diff.png]]

[[ATTACHMENT|..\test-results\visual-regression-Landing--c4d27-obile-should-match-snapshot-chromium\test-failed-1.png]]

[[ATTACHMENT|..\test-results\visual-regression-Landing--c4d27-obile-should-match-snapshot-chromium\video.webm]]

[[ATTACHMENT|..\test-results\visual-regression-Landing--c4d27-obile-should-match-snapshot-chromium\error-context.md]]
]]>
</system-out>
</testcase>
<testcase name="Landing Page Visual Regression › homepage tablet should match snapshot" classname="visual-regression.spec.ts" time="11.264">
<failure message="visual-regression.spec.ts:54:3 homepage tablet should match snapshot" type="FAILURE">
<![CDATA[  [chromium] › visual-regression.spec.ts:54:3 › Landing Page Visual Regression › homepage tablet should match snapshot 

    Error: expect(page).toHaveScreenshot(expected) failed

    Timeout: 5000ms
      Failed to take two consecutive stable screenshots.

      Snapshot: homepage-tablet.png

    Call log:
      - Expect "toHaveScreenshot(homepage-tablet.png)" with timeout 5000ms
        - generating new stable screenshot expectation
      - taking page screenshot
        - disabled all CSS animations
      - waiting for fonts to load...
      - fonts loaded
      - waiting 100ms before taking screenshot
      - taking page screenshot
        - disabled all CSS animations
      - waiting for fonts to load...
      - fonts loaded
      - 15 pixels (ratio 0.01 of all image pixels) are different.
      - waiting 250ms before taking screenshot
      - taking page screenshot
        - disabled all CSS animations
      - waiting for fonts to load...
      - fonts loaded
      - 68 pixels (ratio 0.01 of all image pixels) are different.
      - waiting 500ms before taking screenshot
      - taking page screenshot
        - disabled all CSS animations
      - waiting for fonts to load...
      - fonts loaded
      - 90 pixels (ratio 0.01 of all image pixels) are different.
      - waiting 1000ms before taking screenshot
      - Timeout 5000ms exceeded.


      58 |     await page.waitForTimeout(500);
      59 |     
    > 60 |     await expect(page).toHaveScreenshot('homepage-tablet.png', {
         |                        ^
      61 |       fullPage: true,
      62 |       animations: 'disabled',
      63 |       threshold: 0.1,
        at C:\Users\Stu\Documents\datacendia-components\datacendia-components\e2e\visual-regression.spec.ts:60:24

    attachment #1: homepage-tablet (image/png) ─────────────────────────────────────────────────────
    Received: ..\test-results\visual-regression-Landing--326ec-ablet-should-match-snapshot-chromium\homepage-tablet-actual.png
    Previous: ..\test-results\visual-regression-Landing--326ec-ablet-should-match-snapshot-chromium\homepage-tablet-previous.png
    Diff:     ..\test-results\visual-regression-Landing--326ec-ablet-should-match-snapshot-chromium\homepage-tablet-diff.png
    ────────────────────────────────────────────────────────────────────────────────────────────────

    attachment #2: screenshot (image/png) ──────────────────────────────────────────────────────────
    ..\test-results\visual-regression-Landing--326ec-ablet-should-match-snapshot-chromium\test-failed-1.png
    ────────────────────────────────────────────────────────────────────────────────────────────────

    attachment #3: video (video/webm) ──────────────────────────────────────────────────────────────
    ..\test-results\visual-regression-Landing--326ec-ablet-should-match-snapshot-chromium\video.webm
    ────────────────────────────────────────────────────────────────────────────────────────────────

    Error Context: ..\test-results\visual-regression-Landing--326ec-ablet-should-match-snapshot-chromium\error-context.md
]]>
</failure>
<system-out>
<![CDATA[
[[ATTACHMENT|..\test-results\visual-regression-Landing--326ec-ablet-should-match-snapshot-chromium\homepage-tablet-previous.png]]

[[ATTACHMENT|..\test-results\visual-regression-Landing--326ec-ablet-should-match-snapshot-chromium\homepage-tablet-actual.png]]

[[ATTACHMENT|..\test-results\visual-regression-Landing--326ec-ablet-should-match-snapshot-chromium\homepage-tablet-diff.png]]

[[ATTACHMENT|..\test-results\visual-regression-Landing--326ec-ablet-should-match-snapshot-chromium\test-failed-1.png]]

[[ATTACHMENT|..\test-results\visual-regression-Landing--326ec-ablet-should-match-snapshot-chromium\video.webm]]

[[ATTACHMENT|..\test-results\visual-regression-Landing--326ec-ablet-should-match-snapshot-chromium\error-context.md]]
]]>
</system-out>
</testcase>
<testcase name="Authentication Visual Regression › login page should match snapshot" classname="visual-regression.spec.ts" time="7.443">
<system-out>
<![CDATA[A snapshot doesn't exist at C:\Users\Stu\Documents\datacendia-components\datacendia-components\e2e\visual-regression.spec.ts-snapshots\login-page-chromium-win32.png, writing actual.

[[ATTACHMENT|..\e2e\visual-regression.spec.ts-snapshots\login-page-chromium-win32.png]]

[[ATTACHMENT|..\test-results\visual-regression-Authenti-ab5ec--page-should-match-snapshot-chromium\login-page-actual.png]]
]]>
</system-out>
</testcase>
<testcase name="Authentication Visual Regression › register page should match snapshot" classname="visual-regression.spec.ts" time="7.364">
<system-out>
<![CDATA[A snapshot doesn't exist at C:\Users\Stu\Documents\datacendia-components\datacendia-components\e2e\visual-regression.spec.ts-snapshots\register-page-chromium-win32.png, writing actual.

[[ATTACHMENT|..\e2e\visual-regression.spec.ts-snapshots\register-page-chromium-win32.png]]

[[ATTACHMENT|..\test-results\visual-regression-Authenti-a72b1--page-should-match-snapshot-chromium\register-page-actual.png]]
]]>
</system-out>
</testcase>
<testcase name="Authentication Visual Regression › login form with validation errors should match snapshot" classname="visual-regression.spec.ts" time="10.619">
<system-out>
<![CDATA[A snapshot doesn't exist at C:\Users\Stu\Documents\datacendia-components\datacendia-components\e2e\visual-regression.spec.ts-snapshots\login-validation-errors-chromium-win32.png, writing actual.

[[ATTACHMENT|..\e2e\visual-regression.spec.ts-snapshots\login-validation-errors-chromium-win32.png]]

[[ATTACHMENT|..\test-results\visual-regression-Authenti-8818c-rrors-should-match-snapshot-chromium\login-validation-errors-actual.png]]
]]>
</system-out>
</testcase>
<testcase name="Dashboard Visual Regression › cortex dashboard should match snapshot" classname="visual-regression.spec.ts" time="8.424">
<system-out>
<![CDATA[A snapshot doesn't exist at C:\Users\Stu\Documents\datacendia-components\datacendia-components\e2e\visual-regression.spec.ts-snapshots\cortex-dashboard-chromium-win32.png, writing actual.

[[ATTACHMENT|..\e2e\visual-regression.spec.ts-snapshots\cortex-dashboard-chromium-win32.png]]

[[ATTACHMENT|..\test-results\visual-regression-Dashboar-691bf-board-should-match-snapshot-chromium\cortex-dashboard-actual.png]]
]]>
</system-out>
</testcase>
<testcase name="Dashboard Visual Regression › decisions list should match snapshot" classname="visual-regression.spec.ts" time="7.437">
<system-out>
<![CDATA[A snapshot doesn't exist at C:\Users\Stu\Documents\datacendia-components\datacendia-components\e2e\visual-regression.spec.ts-snapshots\decisions-list-chromium-win32.png, writing actual.

[[ATTACHMENT|..\e2e\visual-regression.spec.ts-snapshots\decisions-list-chromium-win32.png]]

[[ATTACHMENT|..\test-results\visual-regression-Dashboar-9a2e0--list-should-match-snapshot-chromium\decisions-list-actual.png]]
]]>
</system-out>
</testcase>
<testcase name="Dashboard Visual Regression › council page should match snapshot" classname="visual-regression.spec.ts" time="10.565">
<system-out>
<![CDATA[A snapshot doesn't exist at C:\Users\Stu\Documents\datacendia-components\datacendia-components\e2e\visual-regression.spec.ts-snapshots\council-page-chromium-win32.png, writing actual.

[[ATTACHMENT|..\e2e\visual-regression.spec.ts-snapshots\council-page-chromium-win32.png]]

[[ATTACHMENT|..\test-results\visual-regression-Dashboar-15ee1--page-should-match-snapshot-chromium\council-page-actual.png]]
]]>
</system-out>
</testcase>
<testcase name="Component Visual Regression › navigation sidebar should match snapshot" classname="visual-regression.spec.ts" time="8.119">
<system-out>
<![CDATA[A snapshot doesn't exist at C:\Users\Stu\Documents\datacendia-components\datacendia-components\e2e\visual-regression.spec.ts-snapshots\sidebar-component-chromium-win32.png, writing actual.

[[ATTACHMENT|..\e2e\visual-regression.spec.ts-snapshots\sidebar-component-chromium-win32.png]]

[[ATTACHMENT|..\test-results\visual-regression-Componen-a5a6a-debar-should-match-snapshot-chromium\sidebar-component-actual.png]]
]]>
</system-out>
</testcase>
<testcase name="Component Visual Regression › header should match snapshot" classname="visual-regression.spec.ts" time="8.913">
<system-out>
<![CDATA[A snapshot doesn't exist at C:\Users\Stu\Documents\datacendia-components\datacendia-components\e2e\visual-regression.spec.ts-snapshots\header-component-chromium-win32.png, writing actual.

[[ATTACHMENT|..\e2e\visual-regression.spec.ts-snapshots\header-component-chromium-win32.png]]

[[ATTACHMENT|..\test-results\visual-regression-Componen-d26f9-eader-should-match-snapshot-chromium\header-component-actual.png]]
]]>
</system-out>
</testcase>
<testcase name="Dark Mode Visual Regression › homepage dark mode should match snapshot" classname="visual-regression.spec.ts" time="11.843">
<failure message="visual-regression.spec.ts:227:3 homepage dark mode should match snapshot" type="FAILURE">
<![CDATA[  [chromium] › visual-regression.spec.ts:227:3 › Dark Mode Visual Regression › homepage dark mode should match snapshot 

    Error: expect(page).toHaveScreenshot(expected) failed

    Timeout: 5000ms
      Failed to take two consecutive stable screenshots.

      Snapshot: homepage-dark.png

    Call log:
      - Expect "toHaveScreenshot(homepage-dark.png)" with timeout 5000ms
        - generating new stable screenshot expectation
      - taking page screenshot
        - disabled all CSS animations
      - waiting for fonts to load...
      - fonts loaded
      - waiting 100ms before taking screenshot
      - taking page screenshot
        - disabled all CSS animations
      - waiting for fonts to load...
      - fonts loaded
      - 4 pixels (ratio 0.01 of all image pixels) are different.
      - waiting 250ms before taking screenshot
      - taking page screenshot
        - disabled all CSS animations
      - waiting for fonts to load...
      - fonts loaded
      - 36 pixels (ratio 0.01 of all image pixels) are different.
      - waiting 500ms before taking screenshot
      - Timeout 5000ms exceeded.


      232 |     await page.waitForTimeout(500);
      233 |     
    > 234 |     await expect(page).toHaveScreenshot('homepage-dark.png', {
          |                        ^
      235 |       fullPage: true,
      236 |       animations: 'disabled',
      237 |       threshold: 0.1,
        at C:\Users\Stu\Documents\datacendia-components\datacendia-components\e2e\visual-regression.spec.ts:234:24

    attachment #1: homepage-dark (image/png) ───────────────────────────────────────────────────────
    Received: ..\test-results\visual-regression-Dark-Mod-af06e--mode-should-match-snapshot-chromium\homepage-dark-actual.png
    Previous: ..\test-results\visual-regression-Dark-Mod-af06e--mode-should-match-snapshot-chromium\homepage-dark-previous.png
    Diff:     ..\test-results\visual-regression-Dark-Mod-af06e--mode-should-match-snapshot-chromium\homepage-dark-diff.png
    ────────────────────────────────────────────────────────────────────────────────────────────────

    attachment #2: screenshot (image/png) ──────────────────────────────────────────────────────────
    ..\test-results\visual-regression-Dark-Mod-af06e--mode-should-match-snapshot-chromium\test-failed-1.png
    ────────────────────────────────────────────────────────────────────────────────────────────────

    attachment #3: video (video/webm) ──────────────────────────────────────────────────────────────
    ..\test-results\visual-regression-Dark-Mod-af06e--mode-should-match-snapshot-chromium\video.webm
    ────────────────────────────────────────────────────────────────────────────────────────────────

    Error Context: ..\test-results\visual-regression-Dark-Mod-af06e--mode-should-match-snapshot-chromium\error-context.md
]]>
</failure>
<system-out>
<![CDATA[
[[ATTACHMENT|..\test-results\visual-regression-Dark-Mod-af06e--mode-should-match-snapshot-chromium\homepage-dark-previous.png]]

[[ATTACHMENT|..\test-results\visual-regression-Dark-Mod-af06e--mode-should-match-snapshot-chromium\homepage-dark-actual.png]]

[[ATTACHMENT|..\test-results\visual-regression-Dark-Mod-af06e--mode-should-match-snapshot-chromium\homepage-dark-diff.png]]

[[ATTACHMENT|..\test-results\visual-regression-Dark-Mod-af06e--mode-should-match-snapshot-chromium\test-failed-1.png]]

[[ATTACHMENT|..\test-results\visual-regression-Dark-Mod-af06e--mode-should-match-snapshot-chromium\video.webm]]

[[ATTACHMENT|..\test-results\visual-regression-Dark-Mod-af06e--mode-should-match-snapshot-chromium\error-context.md]]
]]>
</system-out>
</testcase>
<testcase name="Dark Mode Visual Regression › login dark mode should match snapshot" classname="visual-regression.spec.ts" time="4.44">
<system-out>
<![CDATA[A snapshot doesn't exist at C:\Users\Stu\Documents\datacendia-components\datacendia-components\e2e\visual-regression.spec.ts-snapshots\login-dark-chromium-win32.png, writing actual.

[[ATTACHMENT|..\e2e\visual-regression.spec.ts-snapshots\login-dark-chromium-win32.png]]

[[ATTACHMENT|..\test-results\visual-regression-Dark-Mod-f4725--mode-should-match-snapshot-chromium\login-dark-actual.png]]
]]>
</system-out>
</testcase>
<testcase name="Error State Visual Regression › 404 page should match snapshot" classname="visual-regression.spec.ts" time="4.588">
<system-out>
<![CDATA[A snapshot doesn't exist at C:\Users\Stu\Documents\datacendia-components\datacendia-components\e2e\visual-regression.spec.ts-snapshots\404-page-chromium-win32.png, writing actual.

[[ATTACHMENT|..\e2e\visual-regression.spec.ts-snapshots\404-page-chromium-win32.png]]

[[ATTACHMENT|..\test-results\visual-regression-Error-St-a0002--page-should-match-snapshot-chromium\404-page-actual.png]]
]]>
</system-out>
</testcase>
<testcase name="Accessibility Visual Regression › high contrast mode should be readable" classname="visual-regression.spec.ts" time="9.234">
<failure message="visual-regression.spec.ts:278:3 high contrast mode should be readable" type="FAILURE">
<![CDATA[  [chromium] › visual-regression.spec.ts:278:3 › Accessibility Visual Regression › high contrast mode should be readable 

    Error: expect(page).toHaveScreenshot(expected) failed

    Timeout: 5000ms
      Failed to take two consecutive stable screenshots.

      Snapshot: homepage-high-contrast.png

    Call log:
      - Expect "toHaveScreenshot(homepage-high-contrast.png)" with timeout 5000ms
        - generating new stable screenshot expectation
      - taking page screenshot
        - disabled all CSS animations
      - waiting for fonts to load...
      - fonts loaded
      - waiting 100ms before taking screenshot
      - taking page screenshot
        - disabled all CSS animations
      - waiting for fonts to load...
      - fonts loaded
      - 721 pixels (ratio 0.01 of all image pixels) are different.
      - waiting 250ms before taking screenshot
      - taking page screenshot
        - disabled all CSS animations
      - waiting for fonts to load...
      - fonts loaded
      - 706 pixels (ratio 0.01 of all image pixels) are different.
      - waiting 500ms before taking screenshot
      - taking page screenshot
        - disabled all CSS animations
      - waiting for fonts to load...
      - fonts loaded
      - 242 pixels (ratio 0.01 of all image pixels) are different.
      - waiting 1000ms before taking screenshot
      - Timeout 5000ms exceeded.


      283 |     await page.waitForTimeout(500);
      284 |     
    > 285 |     await expect(page).toHaveScreenshot('homepage-high-contrast.png', {
          |                        ^
      286 |       fullPage: true,
      287 |       animations: 'disabled',
      288 |       threshold: 0.2,
        at C:\Users\Stu\Documents\datacendia-components\datacendia-components\e2e\visual-regression.spec.ts:285:24

    attachment #1: homepage-high-contrast (image/png) ──────────────────────────────────────────────
    Received: ..\test-results\visual-regression-Accessib-2979e-ast-mode-should-be-readable-chromium\homepage-high-contrast-actual.png
    Previous: ..\test-results\visual-regression-Accessib-2979e-ast-mode-should-be-readable-chromium\homepage-high-contrast-previous.png
    Diff:     ..\test-results\visual-regression-Accessib-2979e-ast-mode-should-be-readable-chromium\homepage-high-contrast-diff.png
    ────────────────────────────────────────────────────────────────────────────────────────────────

    attachment #2: screenshot (image/png) ──────────────────────────────────────────────────────────
    ..\test-results\visual-regression-Accessib-2979e-ast-mode-should-be-readable-chromium\test-failed-1.png
    ────────────────────────────────────────────────────────────────────────────────────────────────

    attachment #3: video (video/webm) ──────────────────────────────────────────────────────────────
    ..\test-results\visual-regression-Accessib-2979e-ast-mode-should-be-readable-chromium\video.webm
    ────────────────────────────────────────────────────────────────────────────────────────────────

    Error Context: ..\test-results\visual-regression-Accessib-2979e-ast-mode-should-be-readable-chromium\error-context.md
]]>
</failure>
<system-out>
<![CDATA[
[[ATTACHMENT|..\test-results\visual-regression-Accessib-2979e-ast-mode-should-be-readable-chromium\homepage-high-contrast-previous.png]]

[[ATTACHMENT|..\test-results\visual-regression-Accessib-2979e-ast-mode-should-be-readable-chromium\homepage-high-contrast-actual.png]]

[[ATTACHMENT|..\test-results\visual-regression-Accessib-2979e-ast-mode-should-be-readable-chromium\homepage-high-contrast-diff.png]]

[[ATTACHMENT|..\test-results\visual-regression-Accessib-2979e-ast-mode-should-be-readable-chromium\test-failed-1.png]]

[[ATTACHMENT|..\test-results\visual-regression-Accessib-2979e-ast-mode-should-be-readable-chromium\video.webm]]

[[ATTACHMENT|..\test-results\visual-regression-Accessib-2979e-ast-mode-should-be-readable-chromium\error-context.md]]
]]>
</system-out>
</testcase>
<testcase name="Accessibility Visual Regression › reduced motion should disable animations" classname="visual-regression.spec.ts" time="8.759">
<failure message="visual-regression.spec.ts:292:3 reduced motion should disable animations" type="FAILURE">
<![CDATA[  [chromium] › visual-regression.spec.ts:292:3 › Accessibility Visual Regression › reduced motion should disable animations 

    Error: expect(page).toHaveScreenshot(expected) failed

    Timeout: 5000ms
      Failed to take two consecutive stable screenshots.

      Snapshot: homepage-reduced-motion.png

    Call log:
      - Expect "toHaveScreenshot(homepage-reduced-motion.png)" with timeout 5000ms
        - generating new stable screenshot expectation
      - taking page screenshot
        - disabled all CSS animations
      - waiting for fonts to load...
      - fonts loaded
      - waiting 100ms before taking screenshot
      - taking page screenshot
        - disabled all CSS animations
      - waiting for fonts to load...
      - fonts loaded
      - 468 pixels (ratio 0.01 of all image pixels) are different.
      - waiting 250ms before taking screenshot
      - taking page screenshot
        - disabled all CSS animations
      - waiting for fonts to load...
      - fonts loaded
      - 904 pixels (ratio 0.01 of all image pixels) are different.
      - waiting 500ms before taking screenshot
      - taking page screenshot
        - disabled all CSS animations
      - waiting for fonts to load...
      - fonts loaded
      - 59 pixels (ratio 0.01 of all image pixels) are different.
      - waiting 1000ms before taking screenshot
      - Timeout 5000ms exceeded.


      297 |     await page.waitForTimeout(500);
      298 |     
    > 299 |     await expect(page).toHaveScreenshot('homepage-reduced-motion.png', {
          |                        ^
      300 |       fullPage: true,
      301 |       animations: 'disabled',
      302 |       threshold: 0.1,
        at C:\Users\Stu\Documents\datacendia-components\datacendia-components\e2e\visual-regression.spec.ts:299:24

    attachment #1: homepage-reduced-motion (image/png) ─────────────────────────────────────────────
    Received: ..\test-results\visual-regression-Accessib-46333-n-should-disable-animations-chromium\homepage-reduced-motion-actual.png
    Previous: ..\test-results\visual-regression-Accessib-46333-n-should-disable-animations-chromium\homepage-reduced-motion-previous.png
    Diff:     ..\test-results\visual-regression-Accessib-46333-n-should-disable-animations-chromium\homepage-reduced-motion-diff.png
    ────────────────────────────────────────────────────────────────────────────────────────────────

    attachment #2: screenshot (image/png) ──────────────────────────────────────────────────────────
    ..\test-results\visual-regression-Accessib-46333-n-should-disable-animations-chromium\test-failed-1.png
    ────────────────────────────────────────────────────────────────────────────────────────────────

    attachment #3: video (video/webm) ──────────────────────────────────────────────────────────────
    ..\test-results\visual-regression-Accessib-46333-n-should-disable-animations-chromium\video.webm
    ────────────────────────────────────────────────────────────────────────────────────────────────

    Error Context: ..\test-results\visual-regression-Accessib-46333-n-should-disable-animations-chromium\error-context.md
]]>
</failure>
<system-out>
<![CDATA[
[[ATTACHMENT|..\test-results\visual-regression-Accessib-46333-n-should-disable-animations-chromium\homepage-reduced-motion-previous.png]]

[[ATTACHMENT|..\test-results\visual-regression-Accessib-46333-n-should-disable-animations-chromium\homepage-reduced-motion-actual.png]]

[[ATTACHMENT|..\test-results\visual-regression-Accessib-46333-n-should-disable-animations-chromium\homepage-reduced-motion-diff.png]]

[[ATTACHMENT|..\test-results\visual-regression-Accessib-46333-n-should-disable-animations-chromium\test-failed-1.png]]

[[ATTACHMENT|..\test-results\visual-regression-Accessib-46333-n-should-disable-animations-chromium\video.webm]]

[[ATTACHMENT|..\test-results\visual-regression-Accessib-46333-n-should-disable-animations-chromium\error-context.md]]
]]>
</system-out>
</testcase>
</testsuite>
<testsuite name="visual-regression.spec.ts" timestamp="2025-12-16T23:55:05.755Z" hostname="firefox" tests="16" failures="6" skipped="0" time="300.325" errors="0">
<testcase name="Landing Page Visual Regression › homepage should match snapshot" classname="visual-regression.spec.ts" time="31.434">
<failure message="visual-regression.spec.ts:26:3 homepage should match snapshot" type="FAILURE">
<![CDATA[  [firefox] › visual-regression.spec.ts:26:3 › Landing Page Visual Regression › homepage should match snapshot 

    Error: expect(page).toHaveScreenshot(expected) failed

    Timeout: 5000ms
      Failed to take two consecutive stable screenshots.

      Snapshot: homepage.png

    Call log:
      - Expect "toHaveScreenshot(homepage.png)" with timeout 5000ms
        - generating new stable screenshot expectation
      - taking page screenshot
        - disabled all CSS animations
      - waiting for fonts to load...
      - fonts loaded
      - waiting 100ms before taking screenshot
      - taking page screenshot
        - disabled all CSS animations
      - waiting for fonts to load...
      - fonts loaded
      - 556 pixels (ratio 0.01 of all image pixels) are different.
      - waiting 250ms before taking screenshot
      - taking page screenshot
        - disabled all CSS animations
      - waiting for fonts to load...
      - fonts loaded
      - Timeout 5000ms exceeded.


      32 |     await page.waitForTimeout(500);
      33 |     
    > 34 |     await expect(page).toHaveScreenshot('homepage.png', {
         |                        ^
      35 |       fullPage: true,
      36 |       animations: 'disabled',
      37 |       threshold: 0.1,
        at C:\Users\Stu\Documents\datacendia-components\datacendia-components\e2e\visual-regression.spec.ts:34:24

    attachment #1: homepage (image/png) ────────────────────────────────────────────────────────────
    Received: ..\test-results\visual-regression-Landing--e8a4b-epage-should-match-snapshot-firefox\homepage-actual.png
    Previous: ..\test-results\visual-regression-Landing--e8a4b-epage-should-match-snapshot-firefox\homepage-previous.png
    Diff:     ..\test-results\visual-regression-Landing--e8a4b-epage-should-match-snapshot-firefox\homepage-diff.png
    ────────────────────────────────────────────────────────────────────────────────────────────────

    attachment #2: screenshot (image/png) ──────────────────────────────────────────────────────────
    ..\test-results\visual-regression-Landing--e8a4b-epage-should-match-snapshot-firefox\test-failed-1.png
    ────────────────────────────────────────────────────────────────────────────────────────────────

    attachment #3: video (video/webm) ──────────────────────────────────────────────────────────────
    ..\test-results\visual-regression-Landing--e8a4b-epage-should-match-snapshot-firefox\video.webm
    ────────────────────────────────────────────────────────────────────────────────────────────────

    Error Context: ..\test-results\visual-regression-Landing--e8a4b-epage-should-match-snapshot-firefox\error-context.md

    Retry #1 ───────────────────────────────────────────────────────────────────────────────────────

    Error: expect(page).toHaveScreenshot(expected) failed

    Timeout: 5000ms
      Failed to take two consecutive stable screenshots.

      Snapshot: homepage.png

    Call log:
      - Expect "toHaveScreenshot(homepage.png)" with timeout 5000ms
        - generating new stable screenshot expectation
      - taking page screenshot
        - disabled all CSS animations
      - waiting for fonts to load...
      - fonts loaded
      - waiting 100ms before taking screenshot
      - taking page screenshot
        - disabled all CSS animations
      - waiting for fonts to load...
      - fonts loaded
      - 850 pixels (ratio 0.01 of all image pixels) are different.
      - waiting 250ms before taking screenshot
      - taking page screenshot
        - disabled all CSS animations
      - waiting for fonts to load...
      - fonts loaded
      - 476 pixels (ratio 0.01 of all image pixels) are different.
      - waiting 500ms before taking screenshot
      - Timeout 5000ms exceeded.


      32 |     await page.waitForTimeout(500);
      33 |     
    > 34 |     await expect(page).toHaveScreenshot('homepage.png', {
         |                        ^
      35 |       fullPage: true,
      36 |       animations: 'disabled',
      37 |       threshold: 0.1,
        at C:\Users\Stu\Documents\datacendia-components\datacendia-components\e2e\visual-regression.spec.ts:34:24

    attachment #1: homepage (image/png) ────────────────────────────────────────────────────────────
    Received: ..\test-results\visual-regression-Landing--e8a4b-epage-should-match-snapshot-firefox-retry1\homepage-actual.png
    Previous: ..\test-results\visual-regression-Landing--e8a4b-epage-should-match-snapshot-firefox-retry1\homepage-previous.png
    Diff:     ..\test-results\visual-regression-Landing--e8a4b-epage-should-match-snapshot-firefox-retry1\homepage-diff.png
    ────────────────────────────────────────────────────────────────────────────────────────────────

    attachment #2: screenshot (image/png) ──────────────────────────────────────────────────────────
    ..\test-results\visual-regression-Landing--e8a4b-epage-should-match-snapshot-firefox-retry1\test-failed-1.png
    ────────────────────────────────────────────────────────────────────────────────────────────────

    attachment #3: video (video/webm) ──────────────────────────────────────────────────────────────
    ..\test-results\visual-regression-Landing--e8a4b-epage-should-match-snapshot-firefox-retry1\video.webm
    ────────────────────────────────────────────────────────────────────────────────────────────────

    Error Context: ..\test-results\visual-regression-Landing--e8a4b-epage-should-match-snapshot-firefox-retry1\error-context.md

    attachment #5: trace (application/zip) ─────────────────────────────────────────────────────────
    ..\test-results\visual-regression-Landing--e8a4b-epage-should-match-snapshot-firefox-retry1\trace.zip
    Usage:

        npx playwright show-trace ..\test-results\visual-regression-Landing--e8a4b-epage-should-match-snapshot-firefox-retry1\trace.zip

    ────────────────────────────────────────────────────────────────────────────────────────────────
]]>
</failure>
<system-out>
<![CDATA[
[[ATTACHMENT|..\test-results\visual-regression-Landing--e8a4b-epage-should-match-snapshot-firefox\homepage-previous.png]]

[[ATTACHMENT|..\test-results\visual-regression-Landing--e8a4b-epage-should-match-snapshot-firefox\homepage-actual.png]]

[[ATTACHMENT|..\test-results\visual-regression-Landing--e8a4b-epage-should-match-snapshot-firefox\homepage-diff.png]]

[[ATTACHMENT|..\test-results\visual-regression-Landing--e8a4b-epage-should-match-snapshot-firefox\test-failed-1.png]]

[[ATTACHMENT|..\test-results\visual-regression-Landing--e8a4b-epage-should-match-snapshot-firefox\video.webm]]

[[ATTACHMENT|..\test-results\visual-regression-Landing--e8a4b-epage-should-match-snapshot-firefox\error-context.md]]

[[ATTACHMENT|..\test-results\visual-regression-Landing--e8a4b-epage-should-match-snapshot-firefox-retry1\homepage-previous.png]]

[[ATTACHMENT|..\test-results\visual-regression-Landing--e8a4b-epage-should-match-snapshot-firefox-retry1\homepage-actual.png]]

[[ATTACHMENT|..\test-results\visual-regression-Landing--e8a4b-epage-should-match-snapshot-firefox-retry1\homepage-diff.png]]

[[ATTACHMENT|..\test-results\visual-regression-Landing--e8a4b-epage-should-match-snapshot-firefox-retry1\test-failed-1.png]]

[[ATTACHMENT|..\test-results\visual-regression-Landing--e8a4b-epage-should-match-snapshot-firefox-retry1\video.webm]]

[[ATTACHMENT|..\test-results\visual-regression-Landing--e8a4b-epage-should-match-snapshot-firefox-retry1\error-context.md]]

[[ATTACHMENT|..\test-results\visual-regression-Landing--e8a4b-epage-should-match-snapshot-firefox-retry1\trace.zip]]
]]>
</system-out>
</testcase>
<testcase name="Landing Page Visual Regression › homepage mobile should match snapshot" classname="visual-regression.spec.ts" time="33.643">
<failure message="visual-regression.spec.ts:41:3 homepage mobile should match snapshot" type="FAILURE">
<![CDATA[  [firefox] › visual-regression.spec.ts:41:3 › Landing Page Visual Regression › homepage mobile should match snapshot 

    Error: expect(page).toHaveScreenshot(expected) failed

    Timeout: 5000ms
      Failed to take two consecutive stable screenshots.

      Snapshot: homepage-mobile.png

    Call log:
      - Expect "toHaveScreenshot(homepage-mobile.png)" with timeout 5000ms
        - generating new stable screenshot expectation
      - taking page screenshot
        - disabled all CSS animations
      - waiting for fonts to load...
      - fonts loaded
      - waiting 100ms before taking screenshot
      - taking page screenshot
        - disabled all CSS animations
      - waiting for fonts to load...
      - fonts loaded
      - 478 pixels (ratio 0.01 of all image pixels) are different.
      - waiting 250ms before taking screenshot
      - taking page screenshot
        - disabled all CSS animations
      - waiting for fonts to load...
      - fonts loaded
      - 581 pixels (ratio 0.01 of all image pixels) are different.
      - waiting 500ms before taking screenshot
      - taking page screenshot
        - disabled all CSS animations
      - waiting for fonts to load...
      - fonts loaded
      - 50 pixels (ratio 0.01 of all image pixels) are different.
      - waiting 1000ms before taking screenshot
      - taking page screenshot
        - disabled all CSS animations
      - waiting for fonts to load...
      - fonts loaded
      - 48 pixels (ratio 0.01 of all image pixels) are different.
      - waiting 1000ms before taking screenshot
      - Timeout 5000ms exceeded.


      45 |     await page.waitForTimeout(500);
      46 |     
    > 47 |     await expect(page).toHaveScreenshot('homepage-mobile.png', {
         |                        ^
      48 |       fullPage: true,
      49 |       animations: 'disabled',
      50 |       threshold: 0.1,
        at C:\Users\Stu\Documents\datacendia-components\datacendia-components\e2e\visual-regression.spec.ts:47:24

    attachment #1: homepage-mobile (image/png) ─────────────────────────────────────────────────────
    Received: ..\test-results\visual-regression-Landing--c4d27-obile-should-match-snapshot-firefox\homepage-mobile-actual.png
    Previous: ..\test-results\visual-regression-Landing--c4d27-obile-should-match-snapshot-firefox\homepage-mobile-previous.png
    Diff:     ..\test-results\visual-regression-Landing--c4d27-obile-should-match-snapshot-firefox\homepage-mobile-diff.png
    ────────────────────────────────────────────────────────────────────────────────────────────────

    attachment #2: screenshot (image/png) ──────────────────────────────────────────────────────────
    ..\test-results\visual-regression-Landing--c4d27-obile-should-match-snapshot-firefox\test-failed-1.png
    ────────────────────────────────────────────────────────────────────────────────────────────────

    attachment #3: video (video/webm) ──────────────────────────────────────────────────────────────
    ..\test-results\visual-regression-Landing--c4d27-obile-should-match-snapshot-firefox\video.webm
    ────────────────────────────────────────────────────────────────────────────────────────────────

    Error Context: ..\test-results\visual-regression-Landing--c4d27-obile-should-match-snapshot-firefox\error-context.md

    Retry #1 ───────────────────────────────────────────────────────────────────────────────────────

    Error: expect(page).toHaveScreenshot(expected) failed

    Timeout: 5000ms
      Failed to take two consecutive stable screenshots.

      Snapshot: homepage-mobile.png

    Call log:
      - Expect "toHaveScreenshot(homepage-mobile.png)" with timeout 5000ms
        - generating new stable screenshot expectation
      - taking page screenshot
        - disabled all CSS animations
      - waiting for fonts to load...
      - fonts loaded
      - waiting 100ms before taking screenshot
      - taking page screenshot
        - disabled all CSS animations
      - waiting for fonts to load...
      - fonts loaded
      - 454 pixels (ratio 0.01 of all image pixels) are different.
      - waiting 250ms before taking screenshot
      - taking page screenshot
        - disabled all CSS animations
      - waiting for fonts to load...
      - fonts loaded
      - 347 pixels (ratio 0.01 of all image pixels) are different.
      - waiting 500ms before taking screenshot
      - taking page screenshot
        - disabled all CSS animations
      - waiting for fonts to load...
      - fonts loaded
      - 34 pixels (ratio 0.01 of all image pixels) are different.
      - waiting 1000ms before taking screenshot
      - taking page screenshot
        - disabled all CSS animations
      - waiting for fonts to load...
      - fonts loaded
      - 38 pixels (ratio 0.01 of all image pixels) are different.
      - waiting 1000ms before taking screenshot
      - Timeout 5000ms exceeded.


      45 |     await page.waitForTimeout(500);
      46 |     
    > 47 |     await expect(page).toHaveScreenshot('homepage-mobile.png', {
         |                        ^
      48 |       fullPage: true,
      49 |       animations: 'disabled',
      50 |       threshold: 0.1,
        at C:\Users\Stu\Documents\datacendia-components\datacendia-components\e2e\visual-regression.spec.ts:47:24

    attachment #1: homepage-mobile (image/png) ─────────────────────────────────────────────────────
    Received: ..\test-results\visual-regression-Landing--c4d27-obile-should-match-snapshot-firefox-retry1\homepage-mobile-actual.png
    Previous: ..\test-results\visual-regression-Landing--c4d27-obile-should-match-snapshot-firefox-retry1\homepage-mobile-previous.png
    Diff:     ..\test-results\visual-regression-Landing--c4d27-obile-should-match-snapshot-firefox-retry1\homepage-mobile-diff.png
    ────────────────────────────────────────────────────────────────────────────────────────────────

    attachment #2: screenshot (image/png) ──────────────────────────────────────────────────────────
    ..\test-results\visual-regression-Landing--c4d27-obile-should-match-snapshot-firefox-retry1\test-failed-1.png
    ────────────────────────────────────────────────────────────────────────────────────────────────

    attachment #3: video (video/webm) ──────────────────────────────────────────────────────────────
    ..\test-results\visual-regression-Landing--c4d27-obile-should-match-snapshot-firefox-retry1\video.webm
    ────────────────────────────────────────────────────────────────────────────────────────────────

    Error Context: ..\test-results\visual-regression-Landing--c4d27-obile-should-match-snapshot-firefox-retry1\error-context.md

    attachment #5: trace (application/zip) ─────────────────────────────────────────────────────────
    ..\test-results\visual-regression-Landing--c4d27-obile-should-match-snapshot-firefox-retry1\trace.zip
    Usage:

        npx playwright show-trace ..\test-results\visual-regression-Landing--c4d27-obile-should-match-snapshot-firefox-retry1\trace.zip

    ────────────────────────────────────────────────────────────────────────────────────────────────
]]>
</failure>
<system-out>
<![CDATA[
[[ATTACHMENT|..\test-results\visual-regression-Landing--c4d27-obile-should-match-snapshot-firefox\homepage-mobile-previous.png]]

[[ATTACHMENT|..\test-results\visual-regression-Landing--c4d27-obile-should-match-snapshot-firefox\homepage-mobile-actual.png]]

[[ATTACHMENT|..\test-results\visual-regression-Landing--c4d27-obile-should-match-snapshot-firefox\homepage-mobile-diff.png]]

[[ATTACHMENT|..\test-results\visual-regression-Landing--c4d27-obile-should-match-snapshot-firefox\test-failed-1.png]]

[[ATTACHMENT|..\test-results\visual-regression-Landing--c4d27-obile-should-match-snapshot-firefox\video.webm]]

[[ATTACHMENT|..\test-results\visual-regression-Landing--c4d27-obile-should-match-snapshot-firefox\error-context.md]]

[[ATTACHMENT|..\test-results\visual-regression-Landing--c4d27-obile-should-match-snapshot-firefox-retry1\homepage-mobile-previous.png]]

[[ATTACHMENT|..\test-results\visual-regression-Landing--c4d27-obile-should-match-snapshot-firefox-retry1\homepage-mobile-actual.png]]

[[ATTACHMENT|..\test-results\visual-regression-Landing--c4d27-obile-should-match-snapshot-firefox-retry1\homepage-mobile-diff.png]]

[[ATTACHMENT|..\test-results\visual-regression-Landing--c4d27-obile-should-match-snapshot-firefox-retry1\test-failed-1.png]]

[[ATTACHMENT|..\test-results\visual-regression-Landing--c4d27-obile-should-match-snapshot-firefox-retry1\video.webm]]

[[ATTACHMENT|..\test-results\visual-regression-Landing--c4d27-obile-should-match-snapshot-firefox-retry1\error-context.md]]

[[ATTACHMENT|..\test-results\visual-regression-Landing--c4d27-obile-should-match-snapshot-firefox-retry1\trace.zip]]
]]>
</system-out>
</testcase>
<testcase name="Landing Page Visual Regression › homepage tablet should match snapshot" classname="visual-regression.spec.ts" time="33.827">
<failure message="visual-regression.spec.ts:54:3 homepage tablet should match snapshot" type="FAILURE">
<![CDATA[  [firefox] › visual-regression.spec.ts:54:3 › Landing Page Visual Regression › homepage tablet should match snapshot 

    Error: expect(page).toHaveScreenshot(expected) failed

    Timeout: 5000ms
      Failed to take two consecutive stable screenshots.

      Snapshot: homepage-tablet.png

    Call log:
      - Expect "toHaveScreenshot(homepage-tablet.png)" with timeout 5000ms
        - generating new stable screenshot expectation
      - taking page screenshot
        - disabled all CSS animations
      - waiting for fonts to load...
      - fonts loaded
      - waiting 100ms before taking screenshot
      - taking page screenshot
        - disabled all CSS animations
      - waiting for fonts to load...
      - fonts loaded
      - 744 pixels (ratio 0.01 of all image pixels) are different.
      - waiting 250ms before taking screenshot
      - taking page screenshot
        - disabled all CSS animations
      - waiting for fonts to load...
      - fonts loaded
      - 860 pixels (ratio 0.01 of all image pixels) are different.
      - waiting 500ms before taking screenshot
      - taking page screenshot
        - disabled all CSS animations
      - waiting for fonts to load...
      - fonts loaded
      - 70 pixels (ratio 0.01 of all image pixels) are different.
      - waiting 1000ms before taking screenshot
      - Timeout 5000ms exceeded.


      58 |     await page.waitForTimeout(500);
      59 |     
    > 60 |     await expect(page).toHaveScreenshot('homepage-tablet.png', {
         |                        ^
      61 |       fullPage: true,
      62 |       animations: 'disabled',
      63 |       threshold: 0.1,
        at C:\Users\Stu\Documents\datacendia-components\datacendia-components\e2e\visual-regression.spec.ts:60:24

    attachment #1: homepage-tablet (image/png) ─────────────────────────────────────────────────────
    Received: ..\test-results\visual-regression-Landing--326ec-ablet-should-match-snapshot-firefox\homepage-tablet-actual.png
    Previous: ..\test-results\visual-regression-Landing--326ec-ablet-should-match-snapshot-firefox\homepage-tablet-previous.png
    Diff:     ..\test-results\visual-regression-Landing--326ec-ablet-should-match-snapshot-firefox\homepage-tablet-diff.png
    ────────────────────────────────────────────────────────────────────────────────────────────────

    attachment #2: screenshot (image/png) ──────────────────────────────────────────────────────────
    ..\test-results\visual-regression-Landing--326ec-ablet-should-match-snapshot-firefox\test-failed-1.png
    ────────────────────────────────────────────────────────────────────────────────────────────────

    attachment #3: video (video/webm) ──────────────────────────────────────────────────────────────
    ..\test-results\visual-regression-Landing--326ec-ablet-should-match-snapshot-firefox\video.webm
    ────────────────────────────────────────────────────────────────────────────────────────────────

    Error Context: ..\test-results\visual-regression-Landing--326ec-ablet-should-match-snapshot-firefox\error-context.md

    Retry #1 ───────────────────────────────────────────────────────────────────────────────────────

    Error: expect(page).toHaveScreenshot(expected) failed

    Timeout: 5000ms
      Failed to take two consecutive stable screenshots.

      Snapshot: homepage-tablet.png

    Call log:
      - Expect "toHaveScreenshot(homepage-tablet.png)" with timeout 5000ms
        - generating new stable screenshot expectation
      - taking page screenshot
        - disabled all CSS animations
      - waiting for fonts to load...
      - fonts loaded
      - waiting 100ms before taking screenshot
      - taking page screenshot
        - disabled all CSS animations
      - waiting for fonts to load...
      - fonts loaded
      - 661 pixels (ratio 0.01 of all image pixels) are different.
      - waiting 250ms before taking screenshot
      - taking page screenshot
        - disabled all CSS animations
      - waiting for fonts to load...
      - fonts loaded
      - 534 pixels (ratio 0.01 of all image pixels) are different.
      - waiting 500ms before taking screenshot
      - taking page screenshot
        - disabled all CSS animations
      - waiting for fonts to load...
      - fonts loaded
      - 48 pixels (ratio 0.01 of all image pixels) are different.
      - waiting 1000ms before taking screenshot
      - Timeout 5000ms exceeded.


      58 |     await page.waitForTimeout(500);
      59 |     
    > 60 |     await expect(page).toHaveScreenshot('homepage-tablet.png', {
         |                        ^
      61 |       fullPage: true,
      62 |       animations: 'disabled',
      63 |       threshold: 0.1,
        at C:\Users\Stu\Documents\datacendia-components\datacendia-components\e2e\visual-regression.spec.ts:60:24

    attachment #1: homepage-tablet (image/png) ─────────────────────────────────────────────────────
    Received: ..\test-results\visual-regression-Landing--326ec-ablet-should-match-snapshot-firefox-retry1\homepage-tablet-actual.png
    Previous: ..\test-results\visual-regression-Landing--326ec-ablet-should-match-snapshot-firefox-retry1\homepage-tablet-previous.png
    Diff:     ..\test-results\visual-regression-Landing--326ec-ablet-should-match-snapshot-firefox-retry1\homepage-tablet-diff.png
    ────────────────────────────────────────────────────────────────────────────────────────────────

    attachment #2: screenshot (image/png) ──────────────────────────────────────────────────────────
    ..\test-results\visual-regression-Landing--326ec-ablet-should-match-snapshot-firefox-retry1\test-failed-1.png
    ────────────────────────────────────────────────────────────────────────────────────────────────

    attachment #3: video (video/webm) ──────────────────────────────────────────────────────────────
    ..\test-results\visual-regression-Landing--326ec-ablet-should-match-snapshot-firefox-retry1\video.webm
    ────────────────────────────────────────────────────────────────────────────────────────────────

    Error Context: ..\test-results\visual-regression-Landing--326ec-ablet-should-match-snapshot-firefox-retry1\error-context.md

    attachment #5: trace (application/zip) ─────────────────────────────────────────────────────────
    ..\test-results\visual-regression-Landing--326ec-ablet-should-match-snapshot-firefox-retry1\trace.zip
    Usage:

        npx playwright show-trace ..\test-results\visual-regression-Landing--326ec-ablet-should-match-snapshot-firefox-retry1\trace.zip

    ────────────────────────────────────────────────────────────────────────────────────────────────
]]>
</failure>
<system-out>
<![CDATA[
[[ATTACHMENT|..\test-results\visual-regression-Landing--326ec-ablet-should-match-snapshot-firefox\homepage-tablet-previous.png]]

[[ATTACHMENT|..\test-results\visual-regression-Landing--326ec-ablet-should-match-snapshot-firefox\homepage-tablet-actual.png]]

[[ATTACHMENT|..\test-results\visual-regression-Landing--326ec-ablet-should-match-snapshot-firefox\homepage-tablet-diff.png]]

[[ATTACHMENT|..\test-results\visual-regression-Landing--326ec-ablet-should-match-snapshot-firefox\test-failed-1.png]]

[[ATTACHMENT|..\test-results\visual-regression-Landing--326ec-ablet-should-match-snapshot-firefox\video.webm]]

[[ATTACHMENT|..\test-results\visual-regression-Landing--326ec-ablet-should-match-snapshot-firefox\error-context.md]]

[[ATTACHMENT|..\test-results\visual-regression-Landing--326ec-ablet-should-match-snapshot-firefox-retry1\homepage-tablet-previous.png]]

[[ATTACHMENT|..\test-results\visual-regression-Landing--326ec-ablet-should-match-snapshot-firefox-retry1\homepage-tablet-actual.png]]

[[ATTACHMENT|..\test-results\visual-regression-Landing--326ec-ablet-should-match-snapshot-firefox-retry1\homepage-tablet-diff.png]]

[[ATTACHMENT|..\test-results\visual-regression-Landing--326ec-ablet-should-match-snapshot-firefox-retry1\test-failed-1.png]]

[[ATTACHMENT|..\test-results\visual-regression-Landing--326ec-ablet-should-match-snapshot-firefox-retry1\video.webm]]

[[ATTACHMENT|..\test-results\visual-regression-Landing--326ec-ablet-should-match-snapshot-firefox-retry1\error-context.md]]

[[ATTACHMENT|..\test-results\visual-regression-Landing--326ec-ablet-should-match-snapshot-firefox-retry1\trace.zip]]
]]>
</system-out>
</testcase>
<testcase name="Authentication Visual Regression › login page should match snapshot" classname="visual-regression.spec.ts" time="10.839">
<system-out>
<![CDATA[A snapshot doesn't exist at C:\Users\Stu\Documents\datacendia-components\datacendia-components\e2e\visual-regression.spec.ts-snapshots\login-page-firefox-win32.png, writing actual.

[[ATTACHMENT|..\e2e\visual-regression.spec.ts-snapshots\login-page-firefox-win32.png]]

[[ATTACHMENT|..\test-results\visual-regression-Authenti-ab5ec--page-should-match-snapshot-firefox\login-page-actual.png]]
]]>
</system-out>
</testcase>
<testcase name="Authentication Visual Regression › register page should match snapshot" classname="visual-regression.spec.ts" time="9.618">
<system-out>
<![CDATA[A snapshot doesn't exist at C:\Users\Stu\Documents\datacendia-components\datacendia-components\e2e\visual-regression.spec.ts-snapshots\register-page-firefox-win32.png, writing actual.

[[ATTACHMENT|..\e2e\visual-regression.spec.ts-snapshots\register-page-firefox-win32.png]]

[[ATTACHMENT|..\test-results\visual-regression-Authenti-a72b1--page-should-match-snapshot-firefox\register-page-actual.png]]
]]>
</system-out>
</testcase>
<testcase name="Authentication Visual Regression › login form with validation errors should match snapshot" classname="visual-regression.spec.ts" time="10.047">
<system-out>
<![CDATA[A snapshot doesn't exist at C:\Users\Stu\Documents\datacendia-components\datacendia-components\e2e\visual-regression.spec.ts-snapshots\login-validation-errors-firefox-win32.png, writing actual.

[[ATTACHMENT|..\e2e\visual-regression.spec.ts-snapshots\login-validation-errors-firefox-win32.png]]

[[ATTACHMENT|..\test-results\visual-regression-Authenti-8818c-rrors-should-match-snapshot-firefox\login-validation-errors-actual.png]]
]]>
</system-out>
</testcase>
<testcase name="Dashboard Visual Regression › cortex dashboard should match snapshot" classname="visual-regression.spec.ts" time="12.218">
<system-out>
<![CDATA[A snapshot doesn't exist at C:\Users\Stu\Documents\datacendia-components\datacendia-components\e2e\visual-regression.spec.ts-snapshots\cortex-dashboard-firefox-win32.png, writing actual.

[[ATTACHMENT|..\e2e\visual-regression.spec.ts-snapshots\cortex-dashboard-firefox-win32.png]]

[[ATTACHMENT|..\test-results\visual-regression-Dashboar-691bf-board-should-match-snapshot-firefox\cortex-dashboard-actual.png]]
]]>
</system-out>
</testcase>
<testcase name="Dashboard Visual Regression › decisions list should match snapshot" classname="visual-regression.spec.ts" time="11.221">
<system-out>
<![CDATA[A snapshot doesn't exist at C:\Users\Stu\Documents\datacendia-components\datacendia-components\e2e\visual-regression.spec.ts-snapshots\decisions-list-firefox-win32.png, writing actual.

[[ATTACHMENT|..\e2e\visual-regression.spec.ts-snapshots\decisions-list-firefox-win32.png]]

[[ATTACHMENT|..\test-results\visual-regression-Dashboar-9a2e0--list-should-match-snapshot-firefox\decisions-list-actual.png]]
]]>
</system-out>
</testcase>
<testcase name="Dashboard Visual Regression › council page should match snapshot" classname="visual-regression.spec.ts" time="12.746">
<system-out>
<![CDATA[A snapshot doesn't exist at C:\Users\Stu\Documents\datacendia-components\datacendia-components\e2e\visual-regression.spec.ts-snapshots\council-page-firefox-win32.png, writing actual.

[[ATTACHMENT|..\e2e\visual-regression.spec.ts-snapshots\council-page-firefox-win32.png]]

[[ATTACHMENT|..\test-results\visual-regression-Dashboar-15ee1--page-should-match-snapshot-firefox\council-page-actual.png]]
]]>
</system-out>
</testcase>
<testcase name="Component Visual Regression › navigation sidebar should match snapshot" classname="visual-regression.spec.ts" time="12.41">
<system-out>
<![CDATA[A snapshot doesn't exist at C:\Users\Stu\Documents\datacendia-components\datacendia-components\e2e\visual-regression.spec.ts-snapshots\sidebar-component-firefox-win32.png, writing actual.

[[ATTACHMENT|..\e2e\visual-regression.spec.ts-snapshots\sidebar-component-firefox-win32.png]]

[[ATTACHMENT|..\test-results\visual-regression-Componen-a5a6a-debar-should-match-snapshot-firefox\sidebar-component-actual.png]]
]]>
</system-out>
</testcase>
<testcase name="Component Visual Regression › header should match snapshot" classname="visual-regression.spec.ts" time="12.477">
<system-out>
<![CDATA[A snapshot doesn't exist at C:\Users\Stu\Documents\datacendia-components\datacendia-components\e2e\visual-regression.spec.ts-snapshots\header-component-firefox-win32.png, writing actual.

[[ATTACHMENT|..\e2e\visual-regression.spec.ts-snapshots\header-component-firefox-win32.png]]

[[ATTACHMENT|..\test-results\visual-regression-Componen-d26f9-eader-should-match-snapshot-firefox\header-component-actual.png]]
]]>
</system-out>
</testcase>
<testcase name="Dark Mode Visual Regression › homepage dark mode should match snapshot" classname="visual-regression.spec.ts" time="32.468">
<failure message="visual-regression.spec.ts:227:3 homepage dark mode should match snapshot" type="FAILURE">
<![CDATA[  [firefox] › visual-regression.spec.ts:227:3 › Dark Mode Visual Regression › homepage dark mode should match snapshot 

    Error: expect(page).toHaveScreenshot(expected) failed

    Timeout: 5000ms
      Failed to take two consecutive stable screenshots.

      Snapshot: homepage-dark.png

    Call log:
      - Expect "toHaveScreenshot(homepage-dark.png)" with timeout 5000ms
        - generating new stable screenshot expectation
      - taking page screenshot
        - disabled all CSS animations
      - waiting for fonts to load...
      - fonts loaded
      - waiting 100ms before taking screenshot
      - taking page screenshot
        - disabled all CSS animations
      - waiting for fonts to load...
      - fonts loaded
      - 890 pixels (ratio 0.01 of all image pixels) are different.
      - waiting 250ms before taking screenshot
      - taking page screenshot
        - disabled all CSS animations
      - waiting for fonts to load...
      - fonts loaded
      - 679 pixels (ratio 0.01 of all image pixels) are different.
      - waiting 500ms before taking screenshot
      - Timeout 5000ms exceeded.


      232 |     await page.waitForTimeout(500);
      233 |     
    > 234 |     await expect(page).toHaveScreenshot('homepage-dark.png', {
          |                        ^
      235 |       fullPage: true,
      236 |       animations: 'disabled',
      237 |       threshold: 0.1,
        at C:\Users\Stu\Documents\datacendia-components\datacendia-components\e2e\visual-regression.spec.ts:234:24

    attachment #1: homepage-dark (image/png) ───────────────────────────────────────────────────────
    Received: ..\test-results\visual-regression-Dark-Mod-af06e--mode-should-match-snapshot-firefox\homepage-dark-actual.png
    Previous: ..\test-results\visual-regression-Dark-Mod-af06e--mode-should-match-snapshot-firefox\homepage-dark-previous.png
    Diff:     ..\test-results\visual-regression-Dark-Mod-af06e--mode-should-match-snapshot-firefox\homepage-dark-diff.png
    ────────────────────────────────────────────────────────────────────────────────────────────────

    attachment #2: screenshot (image/png) ──────────────────────────────────────────────────────────
    ..\test-results\visual-regression-Dark-Mod-af06e--mode-should-match-snapshot-firefox\test-failed-1.png
    ────────────────────────────────────────────────────────────────────────────────────────────────

    attachment #3: video (video/webm) ──────────────────────────────────────────────────────────────
    ..\test-results\visual-regression-Dark-Mod-af06e--mode-should-match-snapshot-firefox\video.webm
    ────────────────────────────────────────────────────────────────────────────────────────────────

    Error Context: ..\test-results\visual-regression-Dark-Mod-af06e--mode-should-match-snapshot-firefox\error-context.md

    Retry #1 ───────────────────────────────────────────────────────────────────────────────────────

    Error: expect(page).toHaveScreenshot(expected) failed

    Timeout: 5000ms
      Failed to take two consecutive stable screenshots.

      Snapshot: homepage-dark.png

    Call log:
      - Expect "toHaveScreenshot(homepage-dark.png)" with timeout 5000ms
        - generating new stable screenshot expectation
      - taking page screenshot
        - disabled all CSS animations
      - waiting for fonts to load...
      - fonts loaded
      - waiting 100ms before taking screenshot
      - taking page screenshot
        - disabled all CSS animations
      - waiting for fonts to load...
      - fonts loaded
      - 473 pixels (ratio 0.01 of all image pixels) are different.
      - waiting 250ms before taking screenshot
      - taking page screenshot
        - disabled all CSS animations
      - waiting for fonts to load...
      - fonts loaded
      - 43 pixels (ratio 0.01 of all image pixels) are different.
      - waiting 500ms before taking screenshot
      - Timeout 5000ms exceeded.


      232 |     await page.waitForTimeout(500);
      233 |     
    > 234 |     await expect(page).toHaveScreenshot('homepage-dark.png', {
          |                        ^
      235 |       fullPage: true,
      236 |       animations: 'disabled',
      237 |       threshold: 0.1,
        at C:\Users\Stu\Documents\datacendia-components\datacendia-components\e2e\visual-regression.spec.ts:234:24

    attachment #1: homepage-dark (image/png) ───────────────────────────────────────────────────────
    Received: ..\test-results\visual-regression-Dark-Mod-af06e--mode-should-match-snapshot-firefox-retry1\homepage-dark-actual.png
    Previous: ..\test-results\visual-regression-Dark-Mod-af06e--mode-should-match-snapshot-firefox-retry1\homepage-dark-previous.png
    Diff:     ..\test-results\visual-regression-Dark-Mod-af06e--mode-should-match-snapshot-firefox-retry1\homepage-dark-diff.png
    ────────────────────────────────────────────────────────────────────────────────────────────────

    attachment #2: screenshot (image/png) ──────────────────────────────────────────────────────────
    ..\test-results\visual-regression-Dark-Mod-af06e--mode-should-match-snapshot-firefox-retry1\test-failed-1.png
    ────────────────────────────────────────────────────────────────────────────────────────────────

    attachment #3: video (video/webm) ──────────────────────────────────────────────────────────────
    ..\test-results\visual-regression-Dark-Mod-af06e--mode-should-match-snapshot-firefox-retry1\video.webm
    ────────────────────────────────────────────────────────────────────────────────────────────────

    Error Context: ..\test-results\visual-regression-Dark-Mod-af06e--mode-should-match-snapshot-firefox-retry1\error-context.md

    attachment #5: trace (application/zip) ─────────────────────────────────────────────────────────
    ..\test-results\visual-regression-Dark-Mod-af06e--mode-should-match-snapshot-firefox-retry1\trace.zip
    Usage:

        npx playwright show-trace ..\test-results\visual-regression-Dark-Mod-af06e--mode-should-match-snapshot-firefox-retry1\trace.zip

    ────────────────────────────────────────────────────────────────────────────────────────────────
]]>
</failure>
<system-out>
<![CDATA[
[[ATTACHMENT|..\test-results\visual-regression-Dark-Mod-af06e--mode-should-match-snapshot-firefox\homepage-dark-previous.png]]

[[ATTACHMENT|..\test-results\visual-regression-Dark-Mod-af06e--mode-should-match-snapshot-firefox\homepage-dark-actual.png]]

[[ATTACHMENT|..\test-results\visual-regression-Dark-Mod-af06e--mode-should-match-snapshot-firefox\homepage-dark-diff.png]]

[[ATTACHMENT|..\test-results\visual-regression-Dark-Mod-af06e--mode-should-match-snapshot-firefox\test-failed-1.png]]

[[ATTACHMENT|..\test-results\visual-regression-Dark-Mod-af06e--mode-should-match-snapshot-firefox\video.webm]]

[[ATTACHMENT|..\test-results\visual-regression-Dark-Mod-af06e--mode-should-match-snapshot-firefox\error-context.md]]

[[ATTACHMENT|..\test-results\visual-regression-Dark-Mod-af06e--mode-should-match-snapshot-firefox-retry1\homepage-dark-previous.png]]

[[ATTACHMENT|..\test-results\visual-regression-Dark-Mod-af06e--mode-should-match-snapshot-firefox-retry1\homepage-dark-actual.png]]

[[ATTACHMENT|..\test-results\visual-regression-Dark-Mod-af06e--mode-should-match-snapshot-firefox-retry1\homepage-dark-diff.png]]

[[ATTACHMENT|..\test-results\visual-regression-Dark-Mod-af06e--mode-should-match-snapshot-firefox-retry1\test-failed-1.png]]

[[ATTACHMENT|..\test-results\visual-regression-Dark-Mod-af06e--mode-should-match-snapshot-firefox-retry1\video.webm]]

[[ATTACHMENT|..\test-results\visual-regression-Dark-Mod-af06e--mode-should-match-snapshot-firefox-retry1\error-context.md]]

[[ATTACHMENT|..\test-results\visual-regression-Dark-Mod-af06e--mode-should-match-snapshot-firefox-retry1\trace.zip]]
]]>
</system-out>
</testcase>
<testcase name="Dark Mode Visual Regression › login dark mode should match snapshot" classname="visual-regression.spec.ts" time="8.397">
<system-out>
<![CDATA[A snapshot doesn't exist at C:\Users\Stu\Documents\datacendia-components\datacendia-components\e2e\visual-regression.spec.ts-snapshots\login-dark-firefox-win32.png, writing actual.

[[ATTACHMENT|..\e2e\visual-regression.spec.ts-snapshots\login-dark-firefox-win32.png]]

[[ATTACHMENT|..\test-results\visual-regression-Dark-Mod-f4725--mode-should-match-snapshot-firefox\login-dark-actual.png]]
]]>
</system-out>
</testcase>
<testcase name="Error State Visual Regression › 404 page should match snapshot" classname="visual-regression.spec.ts" time="10.484">
<system-out>
<![CDATA[A snapshot doesn't exist at C:\Users\Stu\Documents\datacendia-components\datacendia-components\e2e\visual-regression.spec.ts-snapshots\404-page-firefox-win32.png, writing actual.

[[ATTACHMENT|..\e2e\visual-regression.spec.ts-snapshots\404-page-firefox-win32.png]]

[[ATTACHMENT|..\test-results\visual-regression-Error-St-a0002--page-should-match-snapshot-firefox\404-page-actual.png]]
]]>
</system-out>
</testcase>
<testcase name="Accessibility Visual Regression › high contrast mode should be readable" classname="visual-regression.spec.ts" time="29.64">
<failure message="visual-regression.spec.ts:278:3 high contrast mode should be readable" type="FAILURE">
<![CDATA[  [firefox] › visual-regression.spec.ts:278:3 › Accessibility Visual Regression › high contrast mode should be readable 

    Error: expect(page).toHaveScreenshot(expected) failed

    Timeout: 5000ms
      Failed to take two consecutive stable screenshots.

      Snapshot: homepage-high-contrast.png

    Call log:
      - Expect "toHaveScreenshot(homepage-high-contrast.png)" with timeout 5000ms
        - generating new stable screenshot expectation
      - taking page screenshot
        - disabled all CSS animations
      - waiting for fonts to load...
      - fonts loaded
      - waiting 100ms before taking screenshot
      - taking page screenshot
        - disabled all CSS animations
      - waiting for fonts to load...
      - fonts loaded
      - 514 pixels (ratio 0.01 of all image pixels) are different.
      - waiting 250ms before taking screenshot
      - taking page screenshot
        - disabled all CSS animations
      - waiting for fonts to load...
      - fonts loaded
      - 905 pixels (ratio 0.01 of all image pixels) are different.
      - waiting 500ms before taking screenshot
      - taking page screenshot
        - disabled all CSS animations
      - waiting for fonts to load...
      - fonts loaded
      - Timeout 5000ms exceeded.


      283 |     await page.waitForTimeout(500);
      284 |     
    > 285 |     await expect(page).toHaveScreenshot('homepage-high-contrast.png', {
          |                        ^
      286 |       fullPage: true,
      287 |       animations: 'disabled',
      288 |       threshold: 0.2,
        at C:\Users\Stu\Documents\datacendia-components\datacendia-components\e2e\visual-regression.spec.ts:285:24

    attachment #1: homepage-high-contrast (image/png) ──────────────────────────────────────────────
    Received: ..\test-results\visual-regression-Accessib-2979e-ast-mode-should-be-readable-firefox\homepage-high-contrast-actual.png
    Previous: ..\test-results\visual-regression-Accessib-2979e-ast-mode-should-be-readable-firefox\homepage-high-contrast-previous.png
    Diff:     ..\test-results\visual-regression-Accessib-2979e-ast-mode-should-be-readable-firefox\homepage-high-contrast-diff.png
    ────────────────────────────────────────────────────────────────────────────────────────────────

    attachment #2: screenshot (image/png) ──────────────────────────────────────────────────────────
    ..\test-results\visual-regression-Accessib-2979e-ast-mode-should-be-readable-firefox\test-failed-1.png
    ────────────────────────────────────────────────────────────────────────────────────────────────

    attachment #3: video (video/webm) ──────────────────────────────────────────────────────────────
    ..\test-results\visual-regression-Accessib-2979e-ast-mode-should-be-readable-firefox\video.webm
    ────────────────────────────────────────────────────────────────────────────────────────────────

    Error Context: ..\test-results\visual-regression-Accessib-2979e-ast-mode-should-be-readable-firefox\error-context.md

    Retry #1 ───────────────────────────────────────────────────────────────────────────────────────

    Error: expect(page).toHaveScreenshot(expected) failed

    Timeout: 5000ms
      Failed to take two consecutive stable screenshots.

      Snapshot: homepage-high-contrast.png

    Call log:
      - Expect "toHaveScreenshot(homepage-high-contrast.png)" with timeout 5000ms
        - generating new stable screenshot expectation
      - taking page screenshot
        - disabled all CSS animations
      - waiting for fonts to load...
      - fonts loaded
      - waiting 100ms before taking screenshot
      - taking page screenshot
        - disabled all CSS animations
      - waiting for fonts to load...
      - fonts loaded
      - 1052 pixels (ratio 0.01 of all image pixels) are different.
      - waiting 250ms before taking screenshot
      - taking page screenshot
        - disabled all CSS animations
      - waiting for fonts to load...
      - fonts loaded
      - 630 pixels (ratio 0.01 of all image pixels) are different.
      - waiting 500ms before taking screenshot
      - Timeout 5000ms exceeded.


      283 |     await page.waitForTimeout(500);
      284 |     
    > 285 |     await expect(page).toHaveScreenshot('homepage-high-contrast.png', {
          |                        ^
      286 |       fullPage: true,
      287 |       animations: 'disabled',
      288 |       threshold: 0.2,
        at C:\Users\Stu\Documents\datacendia-components\datacendia-components\e2e\visual-regression.spec.ts:285:24

    attachment #1: homepage-high-contrast (image/png) ──────────────────────────────────────────────
    Received: ..\test-results\visual-regression-Accessib-2979e-ast-mode-should-be-readable-firefox-retry1\homepage-high-contrast-actual.png
    Previous: ..\test-results\visual-regression-Accessib-2979e-ast-mode-should-be-readable-firefox-retry1\homepage-high-contrast-previous.png
    Diff:     ..\test-results\visual-regression-Accessib-2979e-ast-mode-should-be-readable-firefox-retry1\homepage-high-contrast-diff.png
    ────────────────────────────────────────────────────────────────────────────────────────────────

    attachment #2: screenshot (image/png) ──────────────────────────────────────────────────────────
    ..\test-results\visual-regression-Accessib-2979e-ast-mode-should-be-readable-firefox-retry1\test-failed-1.png
    ────────────────────────────────────────────────────────────────────────────────────────────────

    attachment #3: video (video/webm) ──────────────────────────────────────────────────────────────
    ..\test-results\visual-regression-Accessib-2979e-ast-mode-should-be-readable-firefox-retry1\video.webm
    ────────────────────────────────────────────────────────────────────────────────────────────────

    Error Context: ..\test-results\visual-regression-Accessib-2979e-ast-mode-should-be-readable-firefox-retry1\error-context.md

    attachment #5: trace (application/zip) ─────────────────────────────────────────────────────────
    ..\test-results\visual-regression-Accessib-2979e-ast-mode-should-be-readable-firefox-retry1\trace.zip
    Usage:

        npx playwright show-trace ..\test-results\visual-regression-Accessib-2979e-ast-mode-should-be-readable-firefox-retry1\trace.zip

    ────────────────────────────────────────────────────────────────────────────────────────────────
]]>
</failure>
<system-out>
<![CDATA[
[[ATTACHMENT|..\test-results\visual-regression-Accessib-2979e-ast-mode-should-be-readable-firefox\homepage-high-contrast-previous.png]]

[[ATTACHMENT|..\test-results\visual-regression-Accessib-2979e-ast-mode-should-be-readable-firefox\homepage-high-contrast-actual.png]]

[[ATTACHMENT|..\test-results\visual-regression-Accessib-2979e-ast-mode-should-be-readable-firefox\homepage-high-contrast-diff.png]]

[[ATTACHMENT|..\test-results\visual-regression-Accessib-2979e-ast-mode-should-be-readable-firefox\test-failed-1.png]]

[[ATTACHMENT|..\test-results\visual-regression-Accessib-2979e-ast-mode-should-be-readable-firefox\video.webm]]

[[ATTACHMENT|..\test-results\visual-regression-Accessib-2979e-ast-mode-should-be-readable-firefox\error-context.md]]

[[ATTACHMENT|..\test-results\visual-regression-Accessib-2979e-ast-mode-should-be-readable-firefox-retry1\homepage-high-contrast-previous.png]]

[[ATTACHMENT|..\test-results\visual-regression-Accessib-2979e-ast-mode-should-be-readable-firefox-retry1\homepage-high-contrast-actual.png]]

[[ATTACHMENT|..\test-results\visual-regression-Accessib-2979e-ast-mode-should-be-readable-firefox-retry1\homepage-high-contrast-diff.png]]

[[ATTACHMENT|..\test-results\visual-regression-Accessib-2979e-ast-mode-should-be-readable-firefox-retry1\test-failed-1.png]]

[[ATTACHMENT|..\test-results\visual-regression-Accessib-2979e-ast-mode-should-be-readable-firefox-retry1\video.webm]]

[[ATTACHMENT|..\test-results\visual-regression-Accessib-2979e-ast-mode-should-be-readable-firefox-retry1\error-context.md]]

[[ATTACHMENT|..\test-results\visual-regression-Accessib-2979e-ast-mode-should-be-readable-firefox-retry1\trace.zip]]
]]>
</system-out>
</testcase>
<testcase name="Accessibility Visual Regression › reduced motion should disable animations" classname="visual-regression.spec.ts" time="28.856">
<failure message="visual-regression.spec.ts:292:3 reduced motion should disable animations" type="FAILURE">
<![CDATA[  [firefox] › visual-regression.spec.ts:292:3 › Accessibility Visual Regression › reduced motion should disable animations 

    Error: expect(page).toHaveScreenshot(expected) failed

    Timeout: 5000ms
      Failed to take two consecutive stable screenshots.

      Snapshot: homepage-reduced-motion.png

    Call log:
      - Expect "toHaveScreenshot(homepage-reduced-motion.png)" with timeout 5000ms
        - generating new stable screenshot expectation
      - taking page screenshot
        - disabled all CSS animations
      - waiting for fonts to load...
      - fonts loaded
      - waiting 100ms before taking screenshot
      - taking page screenshot
[...]
    ────────────────────────────────────────────────────────────────────────────────────────────────

    Error Context: ..\test-results\visual-regression-Landing--326ec-ablet-should-match-snapshot-mobile-chrome\error-context.md
]]>
</failure>
<system-out>
<![CDATA[
[[ATTACHMENT|..\test-results\visual-regression-Landing--326ec-ablet-should-match-snapshot-mobile-chrome\homepage-tablet-previous.png]]

[[ATTACHMENT|..\test-results\visual-regression-Landing--326ec-ablet-should-match-snapshot-mobile-chrome\homepage-tablet-actual.png]]

[[ATTACHMENT|..\test-results\visual-regression-Landing--326ec-ablet-should-match-snapshot-mobile-chrome\homepage-tablet-diff.png]]

[[ATTACHMENT|..\test-results\visual-regression-Landing--326ec-ablet-should-match-snapshot-mobile-chrome\test-failed-1.png]]

[[ATTACHMENT|..\test-results\visual-regression-Landing--326ec-ablet-should-match-snapshot-mobile-chrome\video.webm]]

[[ATTACHMENT|..\test-results\visual-regression-Landing--326ec-ablet-should-match-snapshot-mobile-chrome\error-context.md]]
]]>
</system-out>
</testcase>
<testcase name="Authentication Visual Regression › login page should match snapshot" classname="visual-regression.spec.ts" time="3.936">
<system-out>
<![CDATA[A snapshot doesn't exist at C:\Users\Stu\Documents\datacendia-components\datacendia-components\e2e\visual-regression.spec.ts-snapshots\login-page-mobile-chrome-win32.png, writing actual.

[[ATTACHMENT|..\e2e\visual-regression.spec.ts-snapshots\login-page-mobile-chrome-win32.png]]

[[ATTACHMENT|..\test-results\visual-regression-Authenti-ab5ec--page-should-match-snapshot-mobile-chrome\login-page-actual.png]]
]]>
</system-out>
</testcase>
<testcase name="Authentication Visual Regression › register page should match snapshot" classname="visual-regression.spec.ts" time="3.893">
<system-out>
<![CDATA[A snapshot doesn't exist at C:\Users\Stu\Documents\datacendia-components\datacendia-components\e2e\visual-regression.spec.ts-snapshots\register-page-mobile-chrome-win32.png, writing actual.

[[ATTACHMENT|..\e2e\visual-regression.spec.ts-snapshots\register-page-mobile-chrome-win32.png]]

[[ATTACHMENT|..\test-results\visual-regression-Authenti-a72b1--page-should-match-snapshot-mobile-chrome\register-page-actual.png]]
]]>
</system-out>
</testcase>
<testcase name="Authentication Visual Regression › login form with validation errors should match snapshot" classname="visual-regression.spec.ts" time="7.304">
<system-out>
<![CDATA[A snapshot doesn't exist at C:\Users\Stu\Documents\datacendia-components\datacendia-components\e2e\visual-regression.spec.ts-snapshots\login-validation-errors-mobile-chrome-win32.png, writing actual.

[[ATTACHMENT|..\e2e\visual-regression.spec.ts-snapshots\login-validation-errors-mobile-chrome-win32.png]]

[[ATTACHMENT|..\test-results\visual-regression-Authenti-8818c-rrors-should-match-snapshot-mobile-chrome\login-validation-errors-actual.png]]
]]>
</system-out>
</testcase>
<testcase name="Dashboard Visual Regression › cortex dashboard should match snapshot" classname="visual-regression.spec.ts" time="4.755">
<system-out>
<![CDATA[A snapshot doesn't exist at C:\Users\Stu\Documents\datacendia-components\datacendia-components\e2e\visual-regression.spec.ts-snapshots\cortex-dashboard-mobile-chrome-win32.png, writing actual.

[[ATTACHMENT|..\e2e\visual-regression.spec.ts-snapshots\cortex-dashboard-mobile-chrome-win32.png]]

[[ATTACHMENT|..\test-results\visual-regression-Dashboar-691bf-board-should-match-snapshot-mobile-chrome\cortex-dashboard-actual.png]]
]]>
</system-out>
</testcase>
<testcase name="Dashboard Visual Regression › decisions list should match snapshot" classname="visual-regression.spec.ts" time="5.74">
<system-out>
<![CDATA[A snapshot doesn't exist at C:\Users\Stu\Documents\datacendia-components\datacendia-components\e2e\visual-regression.spec.ts-snapshots\decisions-list-mobile-chrome-win32.png, writing actual.

[[ATTACHMENT|..\e2e\visual-regression.spec.ts-snapshots\decisions-list-mobile-chrome-win32.png]]

[[ATTACHMENT|..\test-results\visual-regression-Dashboar-9a2e0--list-should-match-snapshot-mobile-chrome\decisions-list-actual.png]]
]]>
</system-out>
</testcase>
<testcase name="Dashboard Visual Regression › council page should match snapshot" classname="visual-regression.spec.ts" time="5.521">
<system-out>
<![CDATA[A snapshot doesn't exist at C:\Users\Stu\Documents\datacendia-components\datacendia-components\e2e\visual-regression.spec.ts-snapshots\council-page-mobile-chrome-win32.png, writing actual.

[[ATTACHMENT|..\e2e\visual-regression.spec.ts-snapshots\council-page-mobile-chrome-win32.png]]

[[ATTACHMENT|..\test-results\visual-regression-Dashboar-15ee1--page-should-match-snapshot-mobile-chrome\council-page-actual.png]]
]]>
</system-out>
</testcase>
<testcase name="Component Visual Regression › navigation sidebar should match snapshot" classname="visual-regression.spec.ts" time="3.977">
<system-out>
<![CDATA[A snapshot doesn't exist at C:\Users\Stu\Documents\datacendia-components\datacendia-components\e2e\visual-regression.spec.ts-snapshots\sidebar-component-mobile-chrome-win32.png, writing actual.

[[ATTACHMENT|..\e2e\visual-regression.spec.ts-snapshots\sidebar-component-mobile-chrome-win32.png]]

[[ATTACHMENT|..\test-results\visual-regression-Componen-a5a6a-debar-should-match-snapshot-mobile-chrome\sidebar-component-actual.png]]
]]>
</system-out>
</testcase>
<testcase name="Component Visual Regression › header should match snapshot" classname="visual-regression.spec.ts" time="4.016">
<system-out>
<![CDATA[A snapshot doesn't exist at C:\Users\Stu\Documents\datacendia-components\datacendia-components\e2e\visual-regression.spec.ts-snapshots\header-component-mobile-chrome-win32.png, writing actual.

[[ATTACHMENT|..\e2e\visual-regression.spec.ts-snapshots\header-component-mobile-chrome-win32.png]]

[[ATTACHMENT|..\test-results\visual-regression-Componen-d26f9-eader-should-match-snapshot-mobile-chrome\header-component-actual.png]]
]]>
</system-out>
</testcase>
<testcase name="Dark Mode Visual Regression › homepage dark mode should match snapshot" classname="visual-regression.spec.ts" time="10.266">
<failure message="visual-regression.spec.ts:227:3 homepage dark mode should match snapshot" type="FAILURE">
<![CDATA[  [mobile-chrome] › visual-regression.spec.ts:227:3 › Dark Mode Visual Regression › homepage dark mode should match snapshot 

    Error: expect(page).toHaveScreenshot(expected) failed

    Timeout: 5000ms
      Failed to take two consecutive stable screenshots.

      Snapshot: homepage-dark.png

    Call log:
      - Expect "toHaveScreenshot(homepage-dark.png)" with timeout 5000ms
        - generating new stable screenshot expectation
      - taking page screenshot
        - disabled all CSS animations
      - waiting for fonts to load...
      - fonts loaded
      - waiting 100ms before taking screenshot
      - taking page screenshot
        - disabled all CSS animations
      - waiting for fonts to load...
      - fonts loaded
      - 532 pixels (ratio 0.01 of all image pixels) are different.
      - waiting 250ms before taking screenshot
      - taking page screenshot
        - disabled all CSS animations
      - waiting for fonts to load...
      - fonts loaded
      - 867 pixels (ratio 0.01 of all image pixels) are different.
      - waiting 500ms before taking screenshot
      - taking page screenshot
        - disabled all CSS animations
      - waiting for fonts to load...
      - fonts loaded
      - 109 pixels (ratio 0.01 of all image pixels) are different.
      - waiting 1000ms before taking screenshot
      - Timeout 5000ms exceeded.


      232 |     await page.waitForTimeout(500);
      233 |     
    > 234 |     await expect(page).toHaveScreenshot('homepage-dark.png', {
          |                        ^
      235 |       fullPage: true,
      236 |       animations: 'disabled',
      237 |       threshold: 0.1,
        at C:\Users\Stu\Documents\datacendia-components\datacendia-components\e2e\visual-regression.spec.ts:234:24

    attachment #1: homepage-dark (image/png) ───────────────────────────────────────────────────────
    Received: ..\test-results\visual-regression-Dark-Mod-af06e--mode-should-match-snapshot-mobile-chrome\homepage-dark-actual.png
    Previous: ..\test-results\visual-regression-Dark-Mod-af06e--mode-should-match-snapshot-mobile-chrome\homepage-dark-previous.png
    Diff:     ..\test-results\visual-regression-Dark-Mod-af06e--mode-should-match-snapshot-mobile-chrome\homepage-dark-diff.png
    ────────────────────────────────────────────────────────────────────────────────────────────────

    attachment #2: screenshot (image/png) ──────────────────────────────────────────────────────────
    ..\test-results\visual-regression-Dark-Mod-af06e--mode-should-match-snapshot-mobile-chrome\test-failed-1.png
    ────────────────────────────────────────────────────────────────────────────────────────────────

    attachment #3: video (video/webm) ──────────────────────────────────────────────────────────────
    ..\test-results\visual-regression-Dark-Mod-af06e--mode-should-match-snapshot-mobile-chrome\video.webm
    ────────────────────────────────────────────────────────────────────────────────────────────────

    Error Context: ..\test-results\visual-regression-Dark-Mod-af06e--mode-should-match-snapshot-mobile-chrome\error-context.md
]]>
</failure>
<system-out>
<![CDATA[
[[ATTACHMENT|..\test-results\visual-regression-Dark-Mod-af06e--mode-should-match-snapshot-mobile-chrome\homepage-dark-previous.png]]

[[ATTACHMENT|..\test-results\visual-regression-Dark-Mod-af06e--mode-should-match-snapshot-mobile-chrome\homepage-dark-actual.png]]

[[ATTACHMENT|..\test-results\visual-regression-Dark-Mod-af06e--mode-should-match-snapshot-mobile-chrome\homepage-dark-diff.png]]

[[ATTACHMENT|..\test-results\visual-regression-Dark-Mod-af06e--mode-should-match-snapshot-mobile-chrome\test-failed-1.png]]

[[ATTACHMENT|..\test-results\visual-regression-Dark-Mod-af06e--mode-should-match-snapshot-mobile-chrome\video.webm]]

[[ATTACHMENT|..\test-results\visual-regression-Dark-Mod-af06e--mode-should-match-snapshot-mobile-chrome\error-context.md]]
]]>
</system-out>
</testcase>
<testcase name="Dark Mode Visual Regression › login dark mode should match snapshot" classname="visual-regression.spec.ts" time="3.724">
<system-out>
<![CDATA[A snapshot doesn't exist at C:\Users\Stu\Documents\datacendia-components\datacendia-components\e2e\visual-regression.spec.ts-snapshots\login-dark-mobile-chrome-win32.png, writing actual.

[[ATTACHMENT|..\e2e\visual-regression.spec.ts-snapshots\login-dark-mobile-chrome-win32.png]]

[[ATTACHMENT|..\test-results\visual-regression-Dark-Mod-f4725--mode-should-match-snapshot-mobile-chrome\login-dark-actual.png]]
]]>
</system-out>
</testcase>
<testcase name="Error State Visual Regression › 404 page should match snapshot" classname="visual-regression.spec.ts" time="5.122">
<system-out>
<![CDATA[A snapshot doesn't exist at C:\Users\Stu\Documents\datacendia-components\datacendia-components\e2e\visual-regression.spec.ts-snapshots\404-page-mobile-chrome-win32.png, writing actual.

[[ATTACHMENT|..\e2e\visual-regression.spec.ts-snapshots\404-page-mobile-chrome-win32.png]]

[[ATTACHMENT|..\test-results\visual-regression-Error-St-a0002--page-should-match-snapshot-mobile-chrome\404-page-actual.png]]
]]>
</system-out>
</testcase>
<testcase name="Accessibility Visual Regression › high contrast mode should be readable" classname="visual-regression.spec.ts" time="7.584">
<failure message="visual-regression.spec.ts:278:3 high contrast mode should be readable" type="FAILURE">
<![CDATA[  [mobile-chrome] › visual-regression.spec.ts:278:3 › Accessibility Visual Regression › high contrast mode should be readable 

    Error: expect(page).toHaveScreenshot(expected) failed

    Timeout: 5000ms
      Failed to take two consecutive stable screenshots.

      Snapshot: homepage-high-contrast.png

    Call log:
      - Expect "toHaveScreenshot(homepage-high-contrast.png)" with timeout 5000ms
        - generating new stable screenshot expectation
      - taking page screenshot
        - disabled all CSS animations
      - waiting for fonts to load...
      - fonts loaded
      - waiting 100ms before taking screenshot
      - taking page screenshot
        - disabled all CSS animations
      - waiting for fonts to load...
      - fonts loaded
      - 562 pixels (ratio 0.01 of all image pixels) are different.
      - waiting 250ms before taking screenshot
      - taking page screenshot
        - disabled all CSS animations
      - waiting for fonts to load...
      - fonts loaded
      - 1075 pixels (ratio 0.01 of all image pixels) are different.
      - waiting 500ms before taking screenshot
      - taking page screenshot
        - disabled all CSS animations
      - waiting for fonts to load...
      - fonts loaded
      - 242 pixels (ratio 0.01 of all image pixels) are different.
      - waiting 1000ms before taking screenshot
      - Timeout 5000ms exceeded.


      283 |     await page.waitForTimeout(500);
      284 |     
    > 285 |     await expect(page).toHaveScreenshot('homepage-high-contrast.png', {
          |                        ^
      286 |       fullPage: true,
      287 |       animations: 'disabled',
      288 |       threshold: 0.2,
        at C:\Users\Stu\Documents\datacendia-components\datacendia-components\e2e\visual-regression.spec.ts:285:24

    attachment #1: homepage-high-contrast (image/png) ──────────────────────────────────────────────
    Received: ..\test-results\visual-regression-Accessib-2979e-ast-mode-should-be-readable-mobile-chrome\homepage-high-contrast-actual.png
    Previous: ..\test-results\visual-regression-Accessib-2979e-ast-mode-should-be-readable-mobile-chrome\homepage-high-contrast-previous.png
    Diff:     ..\test-results\visual-regression-Accessib-2979e-ast-mode-should-be-readable-mobile-chrome\homepage-high-contrast-diff.png
    ────────────────────────────────────────────────────────────────────────────────────────────────

    attachment #2: screenshot (image/png) ──────────────────────────────────────────────────────────
    ..\test-results\visual-regression-Accessib-2979e-ast-mode-should-be-readable-mobile-chrome\test-failed-1.png
    ────────────────────────────────────────────────────────────────────────────────────────────────

    attachment #3: video (video/webm) ──────────────────────────────────────────────────────────────
    ..\test-results\visual-regression-Accessib-2979e-ast-mode-should-be-readable-mobile-chrome\video.webm
    ────────────────────────────────────────────────────────────────────────────────────────────────

    Error Context: ..\test-results\visual-regression-Accessib-2979e-ast-mode-should-be-readable-mobile-chrome\error-context.md
]]>
</failure>
<system-out>
<![CDATA[
[[ATTACHMENT|..\test-results\visual-regression-Accessib-2979e-ast-mode-should-be-readable-mobile-chrome\homepage-high-contrast-previous.png]]

[[ATTACHMENT|..\test-results\visual-regression-Accessib-2979e-ast-mode-should-be-readable-mobile-chrome\homepage-high-contrast-actual.png]]

[[ATTACHMENT|..\test-results\visual-regression-Accessib-2979e-ast-mode-should-be-readable-mobile-chrome\homepage-high-contrast-diff.png]]

[[ATTACHMENT|..\test-results\visual-regression-Accessib-2979e-ast-mode-should-be-readable-mobile-chrome\test-failed-1.png]]

[[ATTACHMENT|..\test-results\visual-regression-Accessib-2979e-ast-mode-should-be-readable-mobile-chrome\video.webm]]

[[ATTACHMENT|..\test-results\visual-regression-Accessib-2979e-ast-mode-should-be-readable-mobile-chrome\error-context.md]]
]]>
</system-out>
</testcase>
<testcase name="Accessibility Visual Regression › reduced motion should disable animations" classname="visual-regression.spec.ts" time="8.943">
<failure message="visual-regression.spec.ts:292:3 reduced motion should disable animations" type="FAILURE">
<![CDATA[  [mobile-chrome] › visual-regression.spec.ts:292:3 › Accessibility Visual Regression › reduced motion should disable animations 

    Error: expect(page).toHaveScreenshot(expected) failed

    Timeout: 5000ms
      Failed to take two consecutive stable screenshots.

      Snapshot: homepage-reduced-motion.png

    Call log:
      - Expect "toHaveScreenshot(homepage-reduced-motion.png)" with timeout 5000ms
        - generating new stable screenshot expectation
      - taking page screenshot
        - disabled all CSS animations
      - waiting for fonts to load...
      - fonts loaded
      - waiting 100ms before taking screenshot
      - taking page screenshot
        - disabled all CSS animations
      - waiting for fonts to load...
      - fonts loaded
      - 455 pixels (ratio 0.01 of all image pixels) are different.
      - waiting 250ms before taking screenshot
      - taking page screenshot
        - disabled all CSS animations
      - waiting for fonts to load...
      - fonts loaded
      - 607 pixels (ratio 0.01 of all image pixels) are different.
      - waiting 500ms before taking screenshot
      - taking page screenshot
        - disabled all CSS animations
      - waiting for fonts to load...
      - fonts loaded
      - Timeout 5000ms exceeded.


      297 |     await page.waitForTimeout(500);
      298 |     
    > 299 |     await expect(page).toHaveScreenshot('homepage-reduced-motion.png', {
          |                        ^
      300 |       fullPage: true,
      301 |       animations: 'disabled',
      302 |       threshold: 0.1,
        at C:\Users\Stu\Documents\datacendia-components\datacendia-components\e2e\visual-regression.spec.ts:299:24

    attachment #1: homepage-reduced-motion (image/png) ─────────────────────────────────────────────
    Received: ..\test-results\visual-regression-Accessib-46333-n-should-disable-animations-mobile-chrome\homepage-reduced-motion-actual.png
    Previous: ..\test-results\visual-regression-Accessib-46333-n-should-disable-animations-mobile-chrome\homepage-reduced-motion-previous.png
    Diff:     ..\test-results\visual-regression-Accessib-46333-n-should-disable-animations-mobile-chrome\homepage-reduced-motion-diff.png
    ────────────────────────────────────────────────────────────────────────────────────────────────

    attachment #2: screenshot (image/png) ──────────────────────────────────────────────────────────
    ..\test-results\visual-regression-Accessib-46333-n-should-disable-animations-mobile-chrome\test-failed-1.png
    ────────────────────────────────────────────────────────────────────────────────────────────────

    attachment #3: video (video/webm) ──────────────────────────────────────────────────────────────
    ..\test-results\visual-regression-Accessib-46333-n-should-disable-animations-mobile-chrome\video.webm
    ────────────────────────────────────────────────────────────────────────────────────────────────

    Error Context: ..\test-results\visual-regression-Accessib-46333-n-should-disable-animations-mobile-chrome\error-context.md
]]>
</failure>
<system-out>
<![CDATA[
[[ATTACHMENT|..\test-results\visual-regression-Accessib-46333-n-should-disable-animations-mobile-chrome\homepage-reduced-motion-previous.png]]

[[ATTACHMENT|..\test-results\visual-regression-Accessib-46333-n-should-disable-animations-mobile-chrome\homepage-reduced-motion-actual.png]]

[[ATTACHMENT|..\test-results\visual-regression-Accessib-46333-n-should-disable-animations-mobile-chrome\homepage-reduced-motion-diff.png]]

[[ATTACHMENT|..\test-results\visual-regression-Accessib-46333-n-should-disable-animations-mobile-chrome\test-failed-1.png]]

[[ATTACHMENT|..\test-results\visual-regression-Accessib-46333-n-should-disable-animations-mobile-chrome\video.webm]]

[[ATTACHMENT|..\test-results\visual-regression-Accessib-46333-n-should-disable-animations-mobile-chrome\error-context.md]]
]]>
</system-out>
</testcase>
</testsuite>
</testsuites>